0 info it worked if it ends with ok
1 verbose cli [ '/usr/local/Cellar/node/7.7.1_1/bin/node',
1 verbose cli   '/usr/local/bin/npm',
1 verbose cli   'run',
1 verbose cli   'build' ]
2 info using npm@4.1.2
3 info using node@v7.7.1
4 verbose run-script [ 'prebuild', 'build', 'postbuild' ]
5 info lifecycle rails-react@1.0.0~prebuild: rails-react@1.0.0
6 silly lifecycle rails-react@1.0.0~prebuild: no script for prebuild, continuing
7 info lifecycle rails-react@1.0.0~build: rails-react@1.0.0
8 verbose lifecycle rails-react@1.0.0~build: unsafe-perm in lifecycle true
9 verbose lifecycle rails-react@1.0.0~build: PATH: /usr/local/lib/node_modules/npm/bin/node-gyp-bin:/Users/nmartinez/Desktop/Projects/rails-react/node_modules/.bin:/Users/nmartinez/.rvm/gems/ruby-2.2.2/bin:/Users/nmartinez/.rvm/gems/ruby-2.2.2@global/bin:/Users/nmartinez/.rvm/rubies/ruby-2.2.2/bin:/Library/Frameworks/Python.framework/Versions/3.6/bin:/Users/nmartinez/Desktop/google-cloud-sdk/bin:/Library/Frameworks/Python.framework/Versions/2.7/bin:/usr/local/bin:/usr/bin:/bin:/usr/sbin:/sbin:/Applications/Postgres.app/Contents/Versions/latest/bin:/Users/nmartinez/.rvm/bin
10 verbose lifecycle rails-react@1.0.0~build: CWD: /Users/nmartinez/Desktop/Projects/rails-react
11 silly lifecycle rails-react@1.0.0~build: Args: [ '-c', 'webpack --config webpack.config.js' ]
12 silly lifecycle rails-react@1.0.0~build: Returned: code: 1  signal: null
13 info lifecycle rails-react@1.0.0~build: Failed to exec build script
14 verbose stack Error: rails-react@1.0.0 build: `webpack --config webpack.config.js`
14 verbose stack Exit status 1
14 verbose stack     at EventEmitter.<anonymous> (/usr/local/lib/node_modules/npm/lib/utils/lifecycle.js:279:16)
14 verbose stack     at emitTwo (events.js:106:13)
14 verbose stack     at EventEmitter.emit (events.js:194:7)
14 verbose stack     at ChildProcess.<anonymous> (/usr/local/lib/node_modules/npm/lib/utils/spawn.js:40:14)
14 verbose stack     at emitTwo (events.js:106:13)
14 verbose stack     at ChildProcess.emit (events.js:194:7)
14 verbose stack     at maybeClose (internal/child_process.js:899:16)
14 verbose stack     at Process.ChildProcess._handle.onexit (internal/child_process.js:226:5)
15 verbose pkgid rails-react@1.0.0
16 verbose cwd /Users/nmartinez/Desktop/Projects/rails-react
17 error Darwin 17.2.0
18 error argv "/usr/local/Cellar/node/7.7.1_1/bin/node" "/usr/local/bin/npm" "run" "build"
19 error node v7.7.1
20 error npm  v4.1.2
21 error code ELIFECYCLE
22 error rails-react@1.0.0 build: `webpack --config webpack.config.js`
22 error Exit status 1
23 error Failed at the rails-react@1.0.0 build script 'webpack --config webpack.config.js'.
23 error Make sure you have the latest version of node.js and npm installed.
23 error If you do, this is most likely a problem with the rails-react package,
23 error not with npm itself.
23 error Tell the author that this fails on your system:
23 error     webpack --config webpack.config.js
23 error You can get information on how to open an issue for this project with:
23 error     npm bugs rails-react
23 error Or if that isn't available, you can get their info via:
23 error     npm owner ls rails-react
23 error There is likely additional logging output above.
24 verbose exit [ 1, true ]
